<?xml version="1.0" encoding="UTF-8"?>
<testng-results ignored="0" total="1" passed="1" failed="0" skipped="0">
  <reporter-output>
  </reporter-output>
  <suite started-at="2023-01-30T17:52:47 IST" name="Practice Suite" finished-at="2023-01-30T17:52:58 IST" duration-ms="11854">
    <groups>
    </groups>
    <test started-at="2023-01-30T17:52:47 IST" name="Test Basics 1" finished-at="2023-01-30T17:52:58 IST" duration-ms="11854">
      <class name="com.disys.testcase.SampleTestCase">
        <test-method is-config="true" signature="launchBrowser()[pri:0, instance:com.disys.testcase.SampleTestCase@576d5deb]" started-at="2023-01-30T17:52:47 IST" name="launchBrowser" finished-at="2023-01-30T17:52:57 IST" duration-ms="10709" status="PASS">
          <reporter-output>
          </reporter-output>
        </test-method> <!-- launchBrowser -->
        <test-method signature="loginIntoApplication()[pri:0, instance:com.disys.testcase.SampleTestCase@576d5deb]" started-at="2023-01-30T17:52:57 IST" name="loginIntoApplication" finished-at="2023-01-30T17:52:58 IST" duration-ms="1035" status="PASS">
          <reporter-output>
          </reporter-output>
        </test-method> <!-- loginIntoApplication -->
      </class> <!-- com.disys.testcase.SampleTestCase -->
    </test> <!-- Test Basics 1 -->
  </suite> <!-- Practice Suite -->
</testng-results>
